<?xml version="1.0" encoding="UTF-8"?>
<testng-results ignored="0" total="2" passed="2" failed="0" skipped="0">
  <reporter-output>
  </reporter-output>
  <suite started-at="2024-07-07T13:08:05 IST" name="Default suite" finished-at="2024-07-07T13:08:11 IST" duration-ms="5662">
    <groups>
    </groups>
    <test started-at="2024-07-07T13:08:05 IST" name="Default test" finished-at="2024-07-07T13:08:11 IST" duration-ms="5662">
      <class name="com.ots.testcases.LoginTest">
        <test-method is-config="true" signature="setup()[pri:0, instance:com.ots.testcases.LoginTest@18078bef]" started-at="2024-07-07T13:08:05 IST" name="setup" finished-at="2024-07-07T13:08:08 IST" duration-ms="2712" status="PASS">
          <reporter-output>
          </reporter-output>
        </test-method> <!-- setup -->
        <test-method signature="validlogin()[pri:0, instance:com.ots.testcases.LoginTest@18078bef]" started-at="2024-07-07T13:08:08 IST" name="validlogin" finished-at="2024-07-07T13:08:08 IST" duration-ms="422" status="PASS">
          <reporter-output>
          </reporter-output>
        </test-method> <!-- validlogin -->
        <test-method is-config="true" signature="tearDown()[pri:0, instance:com.ots.testcases.LoginTest@18078bef]" started-at="2024-07-07T13:08:08 IST" name="tearDown" finished-at="2024-07-07T13:08:08 IST" duration-ms="278" status="PASS">
          <reporter-output>
          </reporter-output>
        </test-method> <!-- tearDown -->
        <test-method is-config="true" signature="setup()[pri:0, instance:com.ots.testcases.LoginTest@18078bef]" started-at="2024-07-07T13:08:08 IST" name="setup" finished-at="2024-07-07T13:08:10 IST" duration-ms="1837" status="PASS">
          <reporter-output>
          </reporter-output>
        </test-method> <!-- setup -->
        <test-method signature="verifynewlink()[pri:0, instance:com.ots.testcases.LoginTest@18078bef]" started-at="2024-07-07T13:08:10 IST" name="verifynewlink" finished-at="2024-07-07T13:08:10 IST" duration-ms="79" status="PASS">
          <reporter-output>
          </reporter-output>
        </test-method> <!-- verifynewlink -->
        <test-method is-config="true" signature="tearDown()[pri:0, instance:com.ots.testcases.LoginTest@18078bef]" started-at="2024-07-07T13:08:10 IST" name="tearDown" finished-at="2024-07-07T13:08:11 IST" duration-ms="242" status="PASS">
          <reporter-output>
          </reporter-output>
        </test-method> <!-- tearDown -->
      </class> <!-- com.ots.testcases.LoginTest -->
    </test> <!-- Default test -->
  </suite> <!-- Default suite -->
</testng-results>
